# JRE version: OpenJDK Runtime Environment (8.0_112-b06) (build 1.8.0_112-release-b06)
# Java VM: OpenJDK 64-Bit Server VM (25.112-b06 mixed mode windows-amd64 compressed oops)
Heap:
 PSYoungGen      total 243200K, used 118526K [0x00000000e0000000, 0x00000000f0d00000, 0x0000000100000000)
  eden space 218112K, 44% used [0x00000000e0000000,0x00000000e5e74420,0x00000000ed500000)
  from space 25088K, 86% used [0x00000000ef000000,0x00000000f054b608,0x00000000f0880000)
  to   space 27648K, 0% used [0x00000000ed500000,0x00000000ed500000,0x00000000ef000000)
 ParOldGen       total 150528K, used 89484K [0x00000000a0000000, 0x00000000a9300000, 0x00000000e0000000)
  object space 150528K, 59% used [0x00000000a0000000,0x00000000a5763050,0x00000000a9300000)
 Metaspace       used 59134K, capacity 61648K, committed 61784K, reserved 1101824K
  class space    used 7866K, capacity 8470K, committed 8576K, reserved 1048576K
GC Heap History (10 events):
Event: 10.155 GC heap before
{Heap before GC invocations=11 (full 2):
 PSYoungGen      total 153088K, used 152984K [0x00000000e0000000, 0x00000000eb200000, 0x0000000100000000)
  eden space 142848K, 100% used [0x00000000e0000000,0x00000000e8b80000,0x00000000e8b80000)
  from space 10240K, 98% used [0x00000000ea800000,0x00000000eb1e62d8,0x00000000eb200000)
  to   space 12288K, 0% used [0x00000000e9a00000,0x00000000e9a00000,0x00000000ea600000)
 ParOldGen       total 95232K, used 14649K [0x00000000a0000000, 0x00000000a5d00000, 0x00000000e0000000)
  object space 95232K, 15% used [0x00000000a0000000,0x00000000a0e4e738,0x00000000a5d00000)
 Metaspace       used 49509K, capacity 51194K, committed 51544K, reserved 1093632K
  class space    used 6755K, capacity 7200K, committed 7296K, reserved 1048576K
Event: 10.196 GC heap after
Heap after GC invocations=11 (full 2):
 PSYoungGen      total 169984K, used 12265K [0x00000000e0000000, 0x00000000ed480000, 0x0000000100000000)
  eden space 157696K, 0% used [0x00000000e0000000,0x00000000e0000000,0x00000000e9a00000)
  from space 12288K, 99% used [0x00000000e9a00000,0x00000000ea5fa580,0x00000000ea600000)
  to   space 16896K, 0% used [0x00000000ec400000,0x00000000ec400000,0x00000000ed480000)
 ParOldGen       total 95232K, used 22668K [0x00000000a0000000, 0x00000000a5d00000, 0x00000000e0000000)
  object space 95232K, 23% used [0x00000000a0000000,0x00000000a1623190,0x00000000a5d00000)
 Metaspace       used 49509K, capacity 51194K, committed 51544K, reserved 1093632K
  class space    used 6755K, capacity 7200K, committed 7296K, reserved 1048576K
}
Event: 21.016 GC heap before
{Heap before GC invocations=12 (full 2):
 PSYoungGen      total 169984K, used 152413K [0x00000000e0000000, 0x00000000ed480000, 0x0000000100000000)
  eden space 157696K, 88% used [0x00000000e0000000,0x00000000e88dd140,0x00000000e9a00000)
  from space 12288K, 99% used [0x00000000e9a00000,0x00000000ea5fa580,0x00000000ea600000)
  to   space 16896K, 0% used [0x00000000ec400000,0x00000000ec400000,0x00000000ed480000)
 ParOldGen       total 95232K, used 22668K [0x00000000a0000000, 0x00000000a5d00000, 0x00000000e0000000)
  object space 95232K, 23% used [0x00000000a0000000,0x00000000a1623190,0x00000000a5d00000)
 Metaspace       used 56725K, capacity 58964K, committed 59028K, reserved 1099776K
  class space    used 7574K, capacity 8158K, committed 8192K, reserved 1048576K
Event: 21.062 GC heap after
Heap after GC invocations=12 (full 2):
 PSYoungGen      total 194560K, used 16881K [0x00000000e0000000, 0x00000000eee00000, 0x0000000100000000)
  eden space 177664K, 0% used [0x00000000e0000000,0x00000000e0000000,0x00000000ead80000)
  from space 16896K, 99% used [0x00000000ec400000,0x00000000ed47c5d0,0x00000000ed480000)
  to   space 23040K, 0% used [0x00000000ead80000,0x00000000ead80000,0x00000000ec400000)
 ParOldGen       total 95232K, used 33200K [0x00000000a0000000, 0x00000000a5d00000, 0x00000000e0000000)
  object space 95232K, 34% used [0x00000000a0000000,0x00000000a206c210,0x00000000a5d00000)
 Metaspace       used 56725K, capacity 58964K, committed 59028K, reserved 1099776K
  class space    used 7574K, capacity 8158K, committed 8192K, reserved 1048576K
}
Event: 21.062 GC heap before
{Heap before GC invocations=13 (full 3):
 PSYoungGen      total 194560K, used 16881K [0x00000000e0000000, 0x00000000eee00000, 0x0000000100000000)
  eden space 177664K, 0% used [0x00000000e0000000,0x00000000e0000000,0x00000000ead80000)
  from space 16896K, 99% used [0x00000000ec400000,0x00000000ed47c5d0,0x00000000ed480000)
  to   space 23040K, 0% used [0x00000000ead80000,0x00000000ead80000,0x00000000ec400000)
 ParOldGen       total 95232K, used 33200K [0x00000000a0000000, 0x00000000a5d00000, 0x00000000e0000000)
  object space 95232K, 34% used [0x00000000a0000000,0x00000000a206c210,0x00000000a5d00000)
 Metaspace       used 56725K, capacity 58964K, committed 59028K, reserved 1099776K
  class space    used 7574K, capacity 8158K, committed 8192K, reserved 1048576K
Event: 21.370 GC heap after
Heap after GC invocations=13 (full 3):
 PSYoungGen      total 194560K, used 0K [0x00000000e0000000, 0x00000000eee00000, 0x0000000100000000)
  eden space 177664K, 0% used [0x00000000e0000000,0x00000000e0000000,0x00000000ead80000)
  from space 16896K, 0% used [0x00000000ec400000,0x00000000ec400000,0x00000000ed480000)
  to   space 23040K, 0% used [0x00000000ead80000,0x00000000ead80000,0x00000000ec400000)
 ParOldGen       total 150528K, used 39123K [0x00000000a0000000, 0x00000000a9300000, 0x00000000e0000000)
  object space 150528K, 25% used [0x00000000a0000000,0x00000000a2634de8,0x00000000a9300000)
 Metaspace       used 56725K, capacity 58964K, committed 59028K, reserved 1099776K
  class space    used 7574K, capacity 8158K, committed 8192K, reserved 1048576K
}
Event: 23.804 GC heap before
{Heap before GC invocations=14 (full 3):
 PSYoungGen      total 194560K, used 175782K [0x00000000e0000000, 0x00000000eee00000, 0x0000000100000000)
  eden space 177664K, 98% used [0x00000000e0000000,0x00000000eaba9930,0x00000000ead80000)
  from space 16896K, 0% used [0x00000000ec400000,0x00000000ec400000,0x00000000ed480000)
  to   space 23040K, 0% used [0x00000000ead80000,0x00000000ead80000,0x00000000ec400000)
 ParOldGen       total 150528K, used 39123K [0x00000000a0000000, 0x00000000a9300000, 0x00000000e0000000)
  object space 150528K, 25% used [0x00000000a0000000,0x00000000a2634de8,0x00000000a9300000)
 Metaspace       used 58189K, capacity 60518K, committed 60632K, reserved 1101824K
  class space    used 7781K, capacity 8363K, committed 8448K, reserved 1048576K
Event: 23.837 GC heap after
Heap after GC invocations=14 (full 3):
 PSYoungGen      total 200704K, used 20367K [0x00000000e0000000, 0x00000000f0880000, 0x0000000100000000)
  eden space 177664K, 0% used [0x00000000e0000000,0x00000000e0000000,0x00000000ead80000)
  from space 23040K, 88% used [0x00000000ead80000,0x00000000ec163f18,0x00000000ec400000)
  to   space 25088K, 0% used [0x00000000ef000000,0x00000000ef000000,0x00000000f0880000)
 ParOldGen       total 150528K, used 84736K [0x00000000a0000000, 0x00000000a9300000, 0x00000000e0000000)
  object space 150528K, 56% used [0x00000000a0000000,0x00000000a52c03d0,0x00000000a9300000)
 Metaspace       used 58189K, capacity 60518K, committed 60632K, reserved 1101824K
  class space    used 7781K, capacity 8363K, committed 8448K, reserved 1048576K
}
Event: 24.787 GC heap before
{Heap before GC invocations=15 (full 3):
 PSYoungGen      total 200704K, used 196547K [0x00000000e0000000, 0x00000000f0880000, 0x0000000100000000)
  eden space 177664K, 99% used [0x00000000e0000000,0x00000000eac0cf90,0x00000000ead80000)
  from space 23040K, 88% used [0x00000000ead80000,0x00000000ec163f18,0x00000000ec400000)
  to   space 25088K, 0% used [0x00000000ef000000,0x00000000ef000000,0x00000000f0880000)
 ParOldGen       total 150528K, used 84736K [0x00000000a0000000, 0x00000000a9300000, 0x00000000e0000000)
  object space 150528K, 56% used [0x00000000a0000000,0x00000000a52c03d0,0x00000000a9300000)
 Metaspace       used 58199K, capacity 60518K, committed 60632K, reserved 1101824K
  class space    used 7784K, capacity 8363K, committed 8448K, reserved 1048576K
Event: 24.798 GC heap after
Heap after GC invocations=15 (full 3):
 PSYoungGen      total 243200K, used 21805K [0x00000000e0000000, 0x00000000f0d00000, 0x0000000100000000)
  eden space 218112K, 0% used [0x00000000e0000000,0x00000000e0000000,0x00000000ed500000)
  from space 25088K, 86% used [0x00000000ef000000,0x00000000f054b608,0x00000000f0880000)
  to   space 27648K, 0% used [0x00000000ed500000,0x00000000ed500000,0x00000000ef000000)
 ParOldGen       total 150528K, used 89484K [0x00000000a0000000, 0x00000000a9300000, 0x00000000e0000000)
  object space 150528K, 59% used [0x00000000a0000000,0x00000000a5763050,0x00000000a9300000)
 Metaspace       used 58199K, capacity 60518K, committed 60632K, reserved 1101824K
  class space    used 7784K, capacity 8363K, committed 8448K, reserved 1048576K
}

