# JRE version: OpenJDK Runtime Environment (8.0_112-b06) (build 1.8.0_112-release-b06)
# Java VM: OpenJDK 64-Bit Server VM (25.112-b06 mixed mode windows-amd64 compressed oops)
Heap:
 PSYoungGen      total 214016K, used 24655K [0x00000000e0000000, 0x00000000f0500000, 0x0000000100000000)
  eden space 195584K, 11% used [0x00000000e0000000,0x00000000e1503e18,0x00000000ebf00000)
  from space 18432K, 17% used [0x00000000ebf00000,0x00000000ec210020,0x00000000ed100000)
  to   space 18432K, 0% used [0x00000000ef300000,0x00000000ef300000,0x00000000f0500000)
 ParOldGen       total 138752K, used 70522K [0x00000000a0000000, 0x00000000a8780000, 0x00000000e0000000)
  object space 138752K, 50% used [0x00000000a0000000,0x00000000a44deb40,0x00000000a8780000)
 Metaspace       used 62540K, capacity 67376K, committed 67544K, reserved 1107968K
  class space    used 8245K, capacity 9178K, committed 9216K, reserved 1048576K
GC Heap History (10 events):
Event: 8653.515 GC heap before
{Heap before GC invocations=20 (full 3):
 PSYoungGen      total 177664K, used 174187K [0x00000000e0000000, 0x00000000ec500000, 0x0000000100000000)
  eden space 165888K, 99% used [0x00000000e0000000,0x00000000ea1787f8,0x00000000ea200000)
  from space 11776K, 75% used [0x00000000eb980000,0x00000000ec222540,0x00000000ec500000)
  to   space 17920K, 0% used [0x00000000ea200000,0x00000000ea200000,0x00000000eb380000)
 ParOldGen       total 138752K, used 69970K [0x00000000a0000000, 0x00000000a8780000, 0x00000000e0000000)
  object space 138752K, 50% used [0x00000000a0000000,0x00000000a4454b10,0x00000000a8780000)
 Metaspace       used 60309K, capacity 63290K, committed 63448K, reserved 1103872K
  class space    used 7943K, capacity 8650K, committed 8704K, reserved 1048576K
Event: 8653.618 GC heap after
Heap after GC invocations=20 (full 3):
 PSYoungGen      total 175616K, used 14735K [0x00000000e0000000, 0x00000000ec300000, 0x0000000100000000)
  eden space 160768K, 0% used [0x00000000e0000000,0x00000000e0000000,0x00000000e9d00000)
  from space 14848K, 99% used [0x00000000ea200000,0x00000000eb063df0,0x00000000eb080000)
  to   space 18944K, 0% used [0x00000000eb080000,0x00000000eb080000,0x00000000ec300000)
 ParOldGen       total 138752K, used 69978K [0x00000000a0000000, 0x00000000a8780000, 0x00000000e0000000)
  object space 138752K, 50% used [0x00000000a0000000,0x00000000a4456b10,0x00000000a8780000)
 Metaspace       used 60309K, capacity 63290K, committed 63448K, reserved 1103872K
  class space    used 7943K, capacity 8650K, committed 8704K, reserved 1048576K
}
Event: 8654.252 GC heap before
{Heap before GC invocations=21 (full 3):
 PSYoungGen      total 175616K, used 175368K [0x00000000e0000000, 0x00000000ec300000, 0x0000000100000000)
  eden space 160768K, 99% used [0x00000000e0000000,0x00000000e9cde458,0x00000000e9d00000)
  from space 14848K, 99% used [0x00000000ea200000,0x00000000eb063df0,0x00000000eb080000)
  to   space 18944K, 0% used [0x00000000eb080000,0x00000000eb080000,0x00000000ec300000)
 ParOldGen       total 138752K, used 69978K [0x00000000a0000000, 0x00000000a8780000, 0x00000000e0000000)
  object space 138752K, 50% used [0x00000000a0000000,0x00000000a4456b10,0x00000000a8780000)
 Metaspace       used 60309K, capacity 63290K, committed 63448K, reserved 1103872K
  class space    used 7943K, capacity 8650K, committed 8704K, reserved 1048576K
Event: 8654.294 GC heap after
Heap after GC invocations=21 (full 3):
 PSYoungGen      total 180736K, used 10878K [0x00000000e0000000, 0x00000000ee780000, 0x0000000100000000)
  eden space 161792K, 0% used [0x00000000e0000000,0x00000000e0000000,0x00000000e9e00000)
  from space 18944K, 57% used [0x00000000eb080000,0x00000000ebb1fa70,0x00000000ec300000)
  to   space 18944K, 0% used [0x00000000e9e00000,0x00000000e9e00000,0x00000000eb080000)
 ParOldGen       total 138752K, used 69986K [0x00000000a0000000, 0x00000000a8780000, 0x00000000e0000000)
  object space 138752K, 50% used [0x00000000a0000000,0x00000000a4458b10,0x00000000a8780000)
 Metaspace       used 60309K, capacity 63290K, committed 63448K, reserved 1103872K
  class space    used 7943K, capacity 8650K, committed 8704K, reserved 1048576K
}
Event: 8654.933 GC heap before
{Heap before GC invocations=22 (full 3):
 PSYoungGen      total 180736K, used 172670K [0x00000000e0000000, 0x00000000ee780000, 0x0000000100000000)
  eden space 161792K, 100% used [0x00000000e0000000,0x00000000e9e00000,0x00000000e9e00000)
  from space 18944K, 57% used [0x00000000eb080000,0x00000000ebb1fa70,0x00000000ec300000)
  to   space 18944K, 0% used [0x00000000e9e00000,0x00000000e9e00000,0x00000000eb080000)
 ParOldGen       total 138752K, used 69986K [0x00000000a0000000, 0x00000000a8780000, 0x00000000e0000000)
  object space 138752K, 50% used [0x00000000a0000000,0x00000000a4458b10,0x00000000a8780000)
 Metaspace       used 60328K, capacity 63294K, committed 63448K, reserved 1103872K
  class space    used 7945K, capacity 8652K, committed 8704K, reserved 1048576K
Event: 8654.943 GC heap after
Heap after GC invocations=22 (full 3):
 PSYoungGen      total 180736K, used 4672K [0x00000000e0000000, 0x00000000ee880000, 0x0000000100000000)
  eden space 161792K, 0% used [0x00000000e0000000,0x00000000e0000000,0x00000000e9e00000)
  from space 18944K, 24% used [0x00000000e9e00000,0x00000000ea290040,0x00000000eb080000)
  to   space 18944K, 0% used [0x00000000ed600000,0x00000000ed600000,0x00000000ee880000)
 ParOldGen       total 138752K, used 70234K [0x00000000a0000000, 0x00000000a8780000, 0x00000000e0000000)
  object space 138752K, 50% used [0x00000000a0000000,0x00000000a4496b20,0x00000000a8780000)
 Metaspace       used 60328K, capacity 63294K, committed 63448K, reserved 1103872K
  class space    used 7945K, capacity 8652K, committed 8704K, reserved 1048576K
}
Event: 12182.126 GC heap before
{Heap before GC invocations=23 (full 3):
 PSYoungGen      total 180736K, used 166464K [0x00000000e0000000, 0x00000000ee880000, 0x0000000100000000)
  eden space 161792K, 100% used [0x00000000e0000000,0x00000000e9e00000,0x00000000e9e00000)
  from space 18944K, 24% used [0x00000000e9e00000,0x00000000ea290040,0x00000000eb080000)
  to   space 18944K, 0% used [0x00000000ed600000,0x00000000ed600000,0x00000000ee880000)
 ParOldGen       total 138752K, used 70234K [0x00000000a0000000, 0x00000000a8780000, 0x00000000e0000000)
  object space 138752K, 50% used [0x00000000a0000000,0x00000000a4496b20,0x00000000a8780000)
 Metaspace       used 60998K, capacity 64156K, committed 64344K, reserved 1105920K
  class space    used 7999K, capacity 8730K, committed 8832K, reserved 1048576K
Event: 12182.144 GC heap after
Heap after GC invocations=23 (full 3):
 PSYoungGen      total 208896K, used 5120K [0x00000000e0000000, 0x00000000ee300000, 0x0000000100000000)
  eden space 195584K, 0% used [0x00000000e0000000,0x00000000e0000000,0x00000000ebf00000)
  from space 13312K, 38% used [0x00000000ed600000,0x00000000edb00020,0x00000000ee300000)
  to   space 18432K, 0% used [0x00000000ebf00000,0x00000000ebf00000,0x00000000ed100000)
 ParOldGen       total 138752K, used 70514K [0x00000000a0000000, 0x00000000a8780000, 0x00000000e0000000)
  object space 138752K, 50% used [0x00000000a0000000,0x00000000a44dcb40,0x00000000a8780000)
 Metaspace       used 60998K, capacity 64156K, committed 64344K, reserved 1105920K
  class space    used 7999K, capacity 8730K, committed 8832K, reserved 1048576K
}
Event: 12367.937 GC heap before
{Heap before GC invocations=24 (full 3):
 PSYoungGen      total 208896K, used 200704K [0x00000000e0000000, 0x00000000ee300000, 0x0000000100000000)
  eden space 195584K, 100% used [0x00000000e0000000,0x00000000ebf00000,0x00000000ebf00000)
  from space 13312K, 38% used [0x00000000ed600000,0x00000000edb00020,0x00000000ee300000)
  to   space 18432K, 0% used [0x00000000ebf00000,0x00000000ebf00000,0x00000000ed100000)
 ParOldGen       total 138752K, used 70514K [0x00000000a0000000, 0x00000000a8780000, 0x00000000e0000000)
  object space 138752K, 50% used [0x00000000a0000000,0x00000000a44dcb40,0x00000000a8780000)
 Metaspace       used 62403K, capacity 67056K, committed 67288K, reserved 1107968K
  class space    used 8222K, capacity 9136K, committed 9216K, reserved 1048576K
Event: 12367.961 GC heap after
Heap after GC invocations=24 (full 3):
 PSYoungGen      total 214016K, used 3136K [0x00000000e0000000, 0x00000000f0500000, 0x0000000100000000)
  eden space 195584K, 0% used [0x00000000e0000000,0x00000000e0000000,0x00000000ebf00000)
  from space 18432K, 17% used [0x00000000ebf00000,0x00000000ec210020,0x00000000ed100000)
  to   space 18432K, 0% used [0x00000000ef300000,0x00000000ef300000,0x00000000f0500000)
 ParOldGen       total 138752K, used 70522K [0x00000000a0000000, 0x00000000a8780000, 0x00000000e0000000)
  object space 138752K, 50% used [0x00000000a0000000,0x00000000a44deb40,0x00000000a8780000)
 Metaspace       used 62403K, capacity 67056K, committed 67288K, reserved 1107968K
  class space    used 8222K, capacity 9136K, committed 9216K, reserved 1048576K
}

